<?xml version="1.0" encoding="UTF-8"?>
<!-- Generated by org.testng.reporters.JUnitReportReporter -->
<testsuite hostname="Dillya" failures="0" tests="1" name="TestClasses.VerifyWishlist" time="0.001" errors="0" timestamp="2021-11-24T11:00:18 IST" skipped="1">
  <testcase classname="TestClasses.VerifyWishlist" name="verifyWishListOfAmazon" time="0.001">
    <skipped/>
  </testcase> <!-- verifyWishListOfAmazon -->
  <system-out/>
</testsuite> <!-- TestClasses.VerifyWishlist -->
